<?xml version="1.0" encoding="UTF-8"?>
<!-- Generated by org.testng.reporters.JUnitReportReporter -->
<testsuite skipped="0" hostname="ITCL0VRNR" name="BestBuy_API.API.BestBuy.GetCategory" tests="1" failures="0" timestamp="2021-08-27T02:32:08 EET" time="2.318" errors="0">
  <testcase name="f" time="2.318" classname="BestBuy_API.API.BestBuy.GetCategory"/>
  <system-out/>
</testsuite> <!-- BestBuy_API.API.BestBuy.GetCategory -->
