<?xml version="1.0" encoding="UTF-8"?>
<!-- Generated by org.testng.reporters.JUnitReportReporter -->
<testsuite skipped="0" hostname="ITCL0VRNR" name="BestBuy_API.API.BestBuy.DeleteProduct" tests="1" failures="0" timestamp="2021-08-27T02:27:14 EET" time="2.298" errors="0">
  <testcase name="deleteProduct" time="2.298" classname="BestBuy_API.API.BestBuy.DeleteProduct"/>
  <system-out/>
</testsuite> <!-- BestBuy_API.API.BestBuy.DeleteProduct -->
