<?xml version="1.0" encoding="UTF-8"?>
<!-- Generated by org.testng.reporters.JUnitReportReporter -->
<testsuite skipped="0" hostname="ITCL0VRNR" name="BestBuy_API.API.BestBuy.CreateProduct" tests="1" failures="0" timestamp="2021-08-28T21:33:06 EET" time="1.509" errors="0">
  <testcase name="createStore" time="1.509" classname="BestBuy_API.API.BestBuy.CreateProduct"/>
  <system-out/>
</testsuite> <!-- BestBuy_API.API.BestBuy.CreateProduct -->
