<?xml version="1.0" encoding="UTF-8"?>
<!-- Generated by org.testng.reporters.JUnitReportReporter -->
<testsuite skipped="0" hostname="ITCL0VRNR" name="BestBuy_API.API.BestBuy.CreateStore" tests="2" failures="0" timestamp="2021-08-28T21:37:45 EET" time="1.439" errors="0">
  <testcase name="createStorewithoutBody" time="0.022" classname="BestBuy_API.API.BestBuy.CreateStore"/>
  <system-out/>
  <testcase name="createStore" time="1.417" classname="BestBuy_API.API.BestBuy.CreateStore"/>
  <system-out/>
</testsuite> <!-- BestBuy_API.API.BestBuy.CreateStore -->
