<?xml version="1.0" encoding="UTF-8"?>
<!-- Generated by org.testng.reporters.JUnitReportReporter -->
<testsuite skipped="0" hostname="ITCL0VRNR" name="BestBuy_API.API.BestBuy.GetStore" tests="3" failures="0" timestamp="2021-08-28T21:15:57 EET" time="1.490" errors="0">
  <testcase name="GetNotExistingStore" time="0.032" classname="BestBuy_API.API.BestBuy.GetStore"/>
  <system-out/>
  <testcase name="GetExistingStore" time="0.030" classname="BestBuy_API.API.BestBuy.GetStore"/>
  <system-out/>
  <testcase name="GetAllStores" time="1.428" classname="BestBuy_API.API.BestBuy.GetStore"/>
  <system-out/>
</testsuite> <!-- BestBuy_API.API.BestBuy.GetStore -->
