<?xml version="1.0" encoding="UTF-8"?>
<!-- Generated by org.testng.reporters.JUnitReportReporter -->
<testsuite skipped="0" hostname="ITCL0VRNR" name="Facebook_Test.Test.Facebook.T0_Registeration" tests="2" failures="0" timestamp="2021-08-28T18:01:03 EET" time="38.465" errors="0">
  <testcase name="RegisterError" time="20.515" classname="Facebook_Test.Test.Facebook.T0_Registeration"/>
  <system-out/>
  <testcase name="successfulRegisteration" time="17.950" classname="Facebook_Test.Test.Facebook.T0_Registeration"/>
  <system-out/>
</testsuite> <!-- Facebook_Test.Test.Facebook.T0_Registeration -->
