<?xml version="1.0" encoding="UTF-8"?>
<!-- Generated by org.testng.reporters.JUnitReportReporter -->
<testsuite skipped="0" hostname="ITCL0VRNR" name="Facebook_Test.Test.Facebook.NewTest" tests="1" failures="0" timestamp="2021-08-26T23:26:09 EET" time="2.249" errors="0">
  <testcase name="f" time="2.249" classname="Facebook_Test.Test.Facebook.NewTest"/>
  <system-out/>
</testsuite> <!-- Facebook_Test.Test.Facebook.NewTest -->
