<?xml version="1.0" encoding="UTF-8"?>
<!-- Generated by org.testng.reporters.JUnitReportReporter -->
<testsuite skipped="0" hostname="ITCL0VRNR" name="BestBuy_API.API.BestBuy.UpdateProduct" tests="1" failures="0" timestamp="2021-08-27T02:16:15 EET" time="2.432" errors="0">
  <testcase name="updateProduct" time="2.432" classname="BestBuy_API.API.BestBuy.UpdateProduct"/>
  <system-out/>
</testsuite> <!-- BestBuy_API.API.BestBuy.UpdateProduct -->
