<?xml version="1.0" encoding="UTF-8"?>
<!-- Generated by org.testng.reporters.JUnitReportReporter -->
<testsuite skipped="0" hostname="ITCL0VRNR" name="BestBuy_API.API.BestBuy.DeleteStore" tests="1" failures="0" timestamp="2021-08-28T22:08:12 EET" time="1.446" errors="0">
  <testcase name="deleteStore" time="1.446" classname="BestBuy_API.API.BestBuy.DeleteStore"/>
  <system-out/>
</testsuite> <!-- BestBuy_API.API.BestBuy.DeleteStore -->
