<?xml version="1.0" encoding="UTF-8"?>
<!-- Generated by org.testng.reporters.JUnitReportReporter -->
<testsuite skipped="0" hostname="ITCL0VRNR" name="BestBuy_API.API.BestBuy.UpdateStore" tests="2" failures="0" timestamp="2021-08-28T22:00:23 EET" time="1.458" errors="0">
  <testcase name="updateProductWithoutBody" time="0.017" classname="BestBuy_API.API.BestBuy.UpdateStore"/>
  <system-out/>
  <testcase name="updateProduct" time="1.441" classname="BestBuy_API.API.BestBuy.UpdateStore"/>
  <system-out/>
</testsuite> <!-- BestBuy_API.API.BestBuy.UpdateStore -->
